<?xml version="1.0" encoding="UTF-8"?>
<!-- Generated by org.testng.reporters.JUnitXMLReporter -->
<testsuite ignored="0" hostname="Kowsalya" failures="0" tests="4" name="Test" time="16.361" errors="0" timestamp="2026-02-18T14:14:42 IST">
  <testcase classname="io.cucumber.testng.AbstractTestNGCucumberTests" name="runScenario" time="1.152"/>
  <testcase classname="io.cucumber.testng.AbstractTestNGCucumberTests" name="runScenario" time="0.633"/>
  <testcase classname="com.leaftaps.testcases.TC001_VerifyLogin" name="runVerifyLogin" time="1.435"/>
  <testcase classname="com.leaftaps.testcases.TC002_CreateLead" name="runCreateLead" time="4.147"/>
</testsuite> <!-- Test -->
