<?xml version="1.0" encoding="UTF-8"?>
<testng-results ignored="0" total="4" passed="4" failed="0" skipped="0">
  <reporter-output>
  </reporter-output>
  <suite started-at="2026-02-18T14:42:43 IST" name="Suite" finished-at="2026-02-18T14:43:38 IST" duration-ms="54230">
    <groups>
      <group name="cucumber">
        <method signature="AbstractTestNGCucumberTests.runScenario(io.cucumber.testng.PickleWrapper,io.cucumber.testng.FeatureWrapper)[pri:0, instance:com.leaftaps.testcases.TC001_VerifyLogin@6f01b95f]" name="runScenario" class="io.cucumber.testng.AbstractTestNGCucumberTests"/>
        <method signature="AbstractTestNGCucumberTests.runScenario(io.cucumber.testng.PickleWrapper,io.cucumber.testng.FeatureWrapper)[pri:0, instance:com.leaftaps.testcases.TC002_CreateLead@491b9b8]" name="runScenario" class="io.cucumber.testng.AbstractTestNGCucumberTests"/>
      </group> <!-- cucumber -->
    </groups>
    <test started-at="2026-02-18T14:42:43 IST" name="LoginTest" finished-at="2026-02-18T14:42:54 IST" duration-ms="10523">
      <class name="com.leaftaps.testcases.TC001_VerifyLogin">
        <test-method is-config="true" signature="setValues()[pri:0, instance:com.leaftaps.testcases.TC001_VerifyLogin@6f01b95f]" started-at="2026-02-18T14:42:43 IST" name="setValues" finished-at="2026-02-18T14:42:43 IST" duration-ms="1" status="PASS">
          <reporter-output>
          </reporter-output>
        </test-method> <!-- setValues -->
        <test-method is-config="true" signature="setUpClass(org.testng.ITestContext)[pri:0, instance:com.leaftaps.testcases.TC001_VerifyLogin@6f01b95f]" started-at="2026-02-18T14:42:43 IST" name="setUpClass" finished-at="2026-02-18T14:42:44 IST" duration-ms="102" status="PASS">
          <params>
            <param index="0">
              <value>
                <![CDATA[org.testng.TestRunner@2756c0a7]]>
              </value>
            </param>
          </params>
          <reporter-output>
          </reporter-output>
        </test-method> <!-- setUpClass -->
        <test-method is-config="true" signature="getTestcasesInfo()[pri:0, instance:com.leaftaps.testcases.TC001_VerifyLogin@6f01b95f]" started-at="2026-02-18T14:42:44 IST" name="getTestcasesInfo" finished-at="2026-02-18T14:42:44 IST" duration-ms="5" status="PASS">
          <reporter-output>
          </reporter-output>
        </test-method> <!-- getTestcasesInfo -->
        <test-method is-config="true" signature="preCondition()[pri:0, instance:com.leaftaps.testcases.TC001_VerifyLogin@6f01b95f]" started-at="2026-02-18T14:42:44 IST" name="preCondition" finished-at="2026-02-18T14:42:49 IST" duration-ms="5925" status="PASS">
          <reporter-output>
          </reporter-output>
        </test-method> <!-- preCondition -->
        <test-method signature="runVerifyLogin()[pri:0, instance:com.leaftaps.testcases.TC001_VerifyLogin@6f01b95f]" started-at="2026-02-18T14:42:49 IST" name="runVerifyLogin" finished-at="2026-02-18T14:42:54 IST" duration-ms="4271" status="PASS">
          <reporter-output>
          </reporter-output>
        </test-method> <!-- runVerifyLogin -->
        <test-method is-config="true" signature="postCondition()[pri:0, instance:com.leaftaps.testcases.TC001_VerifyLogin@6f01b95f]" started-at="2026-02-18T14:42:54 IST" name="postCondition" finished-at="2026-02-18T14:42:54 IST" duration-ms="184" status="PASS">
          <reporter-output>
          </reporter-output>
        </test-method> <!-- postCondition -->
        <test-method is-config="true" signature="tearDownClass()[pri:0, instance:com.leaftaps.testcases.TC001_VerifyLogin@6f01b95f]" started-at="2026-02-18T14:42:54 IST" name="tearDownClass" finished-at="2026-02-18T14:42:54 IST" duration-ms="4" status="PASS">
          <reporter-output>
          </reporter-output>
        </test-method> <!-- tearDownClass -->
      </class> <!-- com.leaftaps.testcases.TC001_VerifyLogin -->
    </test> <!-- LoginTest -->
    <test started-at="2026-02-18T14:42:43 IST" name="CreateLead" finished-at="2026-02-18T14:43:38 IST" duration-ms="54230">
      <class name="com.leaftaps.testcases.TC002_CreateLead">
        <test-method is-config="true" signature="startReport()[pri:0, instance:com.leaftaps.testcases.TC002_CreateLead@491b9b8]" started-at="2026-02-18T14:42:43 IST" name="startReport" finished-at="2026-02-18T14:42:43 IST" duration-ms="148" status="PASS">
          <reporter-output>
          </reporter-output>
        </test-method> <!-- startReport -->
        <test-method is-config="true" signature="setValues()[pri:0, instance:com.leaftaps.testcases.TC002_CreateLead@491b9b8]" started-at="2026-02-18T14:42:43 IST" name="setValues" finished-at="2026-02-18T14:42:43 IST" duration-ms="0" status="PASS">
          <reporter-output>
          </reporter-output>
        </test-method> <!-- setValues -->
        <test-method is-config="true" signature="setUpClass(org.testng.ITestContext)[pri:0, instance:com.leaftaps.testcases.TC002_CreateLead@491b9b8]" started-at="2026-02-18T14:42:43 IST" name="setUpClass" finished-at="2026-02-18T14:42:44 IST" duration-ms="102" status="PASS">
          <params>
            <param index="0">
              <value>
                <![CDATA[org.testng.TestRunner@350ec41e]]>
              </value>
            </param>
          </params>
          <reporter-output>
          </reporter-output>
        </test-method> <!-- setUpClass -->
        <test-method is-config="true" signature="getTestcasesInfo()[pri:0, instance:com.leaftaps.testcases.TC002_CreateLead@491b9b8]" started-at="2026-02-18T14:42:44 IST" name="getTestcasesInfo" finished-at="2026-02-18T14:42:44 IST" duration-ms="5" status="PASS">
          <reporter-output>
          </reporter-output>
        </test-method> <!-- getTestcasesInfo -->
        <test-method is-config="true" signature="preCondition()[pri:0, instance:com.leaftaps.testcases.TC002_CreateLead@491b9b8]" started-at="2026-02-18T14:42:44 IST" name="preCondition" finished-at="2026-02-18T14:42:49 IST" duration-ms="5241" status="PASS">
          <reporter-output>
          </reporter-output>
        </test-method> <!-- preCondition -->
        <test-method signature="runCreateLead(java.lang.String,java.lang.String,java.lang.String,java.lang.String)[pri:0, instance:com.leaftaps.testcases.TC002_CreateLead@491b9b8]" started-at="2026-02-18T14:42:49 IST" name="runCreateLead" data-provider="extractData" finished-at="2026-02-18T14:43:02 IST" duration-ms="12341" status="PASS">
          <params>
            <param index="0">
              <value>
                <![CDATA[Qualitest]]>
              </value>
            </param>
            <param index="1">
              <value>
                <![CDATA[Bhuvanesh]]>
              </value>
            </param>
            <param index="2">
              <value>
                <![CDATA[M]]>
              </value>
            </param>
            <param index="3">
              <value>
                <![CDATA[8899544]]>
              </value>
            </param>
          </params>
          <reporter-output>
          </reporter-output>
        </test-method> <!-- runCreateLead -->
        <test-method is-config="true" signature="postCondition()[pri:0, instance:com.leaftaps.testcases.TC002_CreateLead@491b9b8]" started-at="2026-02-18T14:43:02 IST" name="postCondition" finished-at="2026-02-18T14:43:02 IST" duration-ms="142" status="PASS">
          <reporter-output>
          </reporter-output>
        </test-method> <!-- postCondition -->
        <test-method is-config="true" signature="preCondition()[pri:0, instance:com.leaftaps.testcases.TC002_CreateLead@491b9b8]" started-at="2026-02-18T14:43:02 IST" name="preCondition" finished-at="2026-02-18T14:43:07 IST" duration-ms="4930" status="PASS">
          <reporter-output>
          </reporter-output>
        </test-method> <!-- preCondition -->
        <test-method signature="runCreateLead(java.lang.String,java.lang.String,java.lang.String,java.lang.String)[pri:0, instance:com.leaftaps.testcases.TC002_CreateLead@491b9b8]" started-at="2026-02-18T14:43:07 IST" name="runCreateLead" data-provider="extractData" finished-at="2026-02-18T14:43:20 IST" duration-ms="12871" status="PASS">
          <params>
            <param index="0">
              <value>
                <![CDATA[Qeagle]]>
              </value>
            </param>
            <param index="1">
              <value>
                <![CDATA[Harrish]]>
              </value>
            </param>
            <param index="2">
              <value>
                <![CDATA[A]]>
              </value>
            </param>
            <param index="3">
              <value>
                <![CDATA[112244]]>
              </value>
            </param>
          </params>
          <reporter-output>
          </reporter-output>
        </test-method> <!-- runCreateLead -->
        <test-method is-config="true" signature="postCondition()[pri:0, instance:com.leaftaps.testcases.TC002_CreateLead@491b9b8]" started-at="2026-02-18T14:43:20 IST" name="postCondition" finished-at="2026-02-18T14:43:20 IST" duration-ms="146" status="PASS">
          <reporter-output>
          </reporter-output>
        </test-method> <!-- postCondition -->
        <test-method is-config="true" signature="preCondition()[pri:0, instance:com.leaftaps.testcases.TC002_CreateLead@491b9b8]" started-at="2026-02-18T14:43:20 IST" name="preCondition" finished-at="2026-02-18T14:43:25 IST" duration-ms="5001" status="PASS">
          <reporter-output>
          </reporter-output>
        </test-method> <!-- preCondition -->
        <test-method signature="runCreateLead(java.lang.String,java.lang.String,java.lang.String,java.lang.String)[pri:0, instance:com.leaftaps.testcases.TC002_CreateLead@491b9b8]" started-at="2026-02-18T14:43:25 IST" name="runCreateLead" data-provider="extractData" finished-at="2026-02-18T14:43:37 IST" duration-ms="12587" status="PASS">
          <params>
            <param index="0">
              <value>
                <![CDATA[TCS]]>
              </value>
            </param>
            <param index="1">
              <value>
                <![CDATA[Vineeth]]>
              </value>
            </param>
            <param index="2">
              <value>
                <![CDATA[R]]>
              </value>
            </param>
            <param index="3">
              <value>
                <![CDATA[3366944]]>
              </value>
            </param>
          </params>
          <reporter-output>
          </reporter-output>
        </test-method> <!-- runCreateLead -->
        <test-method is-config="true" signature="postCondition()[pri:0, instance:com.leaftaps.testcases.TC002_CreateLead@491b9b8]" started-at="2026-02-18T14:43:37 IST" name="postCondition" finished-at="2026-02-18T14:43:38 IST" duration-ms="156" status="PASS">
          <reporter-output>
          </reporter-output>
        </test-method> <!-- postCondition -->
        <test-method is-config="true" signature="tearDownClass()[pri:0, instance:com.leaftaps.testcases.TC002_CreateLead@491b9b8]" started-at="2026-02-18T14:43:38 IST" name="tearDownClass" finished-at="2026-02-18T14:43:38 IST" duration-ms="1" status="PASS">
          <reporter-output>
          </reporter-output>
        </test-method> <!-- tearDownClass -->
        <test-method is-config="true" signature="endReport()[pri:0, instance:com.leaftaps.testcases.TC002_CreateLead@491b9b8]" started-at="2026-02-18T14:43:38 IST" name="endReport" finished-at="2026-02-18T14:43:38 IST" duration-ms="235" status="PASS">
          <reporter-output>
          </reporter-output>
        </test-method> <!-- endReport -->
      </class> <!-- com.leaftaps.testcases.TC002_CreateLead -->
    </test> <!-- CreateLead -->
  </suite> <!-- Suite -->
</testng-results>
