<?xml version="1.0" encoding="UTF-8"?>
<testng-results ignored="0" total="4" passed="4" failed="0" skipped="0">
  <reporter-output>
  </reporter-output>
  <suite started-at="2026-02-18T14:14:26 IST" name="Suite" finished-at="2026-02-18T14:14:42 IST" duration-ms="16361">
    <groups>
      <group name="cucumber">
        <method signature="AbstractTestNGCucumberTests.runScenario(io.cucumber.testng.PickleWrapper,io.cucumber.testng.FeatureWrapper)[pri:0, instance:com.leaftaps.runner.CucumberRunner@548a24a]" name="runScenario" class="io.cucumber.testng.AbstractTestNGCucumberTests"/>
        <method signature="AbstractTestNGCucumberTests.runScenario(io.cucumber.testng.PickleWrapper,io.cucumber.testng.FeatureWrapper)[pri:0, instance:com.leaftaps.testcases.TC001_VerifyLogin@4082ba93]" name="runScenario" class="io.cucumber.testng.AbstractTestNGCucumberTests"/>
        <method signature="AbstractTestNGCucumberTests.runScenario(io.cucumber.testng.PickleWrapper,io.cucumber.testng.FeatureWrapper)[pri:0, instance:com.leaftaps.testcases.TC002_CreateLead@1040be71]" name="runScenario" class="io.cucumber.testng.AbstractTestNGCucumberTests"/>
      </group> <!-- cucumber -->
    </groups>
    <test started-at="2026-02-18T14:14:26 IST" name="Test" finished-at="2026-02-18T14:14:42 IST" duration-ms="16361">
      <class name="com.leaftaps.runner.CucumberRunner">
        <test-method is-config="true" signature="setUpClass(org.testng.ITestContext)[pri:0, instance:com.leaftaps.runner.CucumberRunner@548a24a]" started-at="2026-02-18T14:14:26 IST" name="setUpClass" finished-at="2026-02-18T14:14:26 IST" duration-ms="455" status="PASS">
          <params>
            <param index="0">
              <value>
                <![CDATA[org.testng.TestRunner@75c56eb9]]>
              </value>
            </param>
          </params>
          <reporter-output>
          </reporter-output>
        </test-method> <!-- setUpClass -->
        <test-method is-config="true" signature="preCondition()[pri:0, instance:com.leaftaps.runner.CucumberRunner@548a24a]" started-at="2026-02-18T14:14:26 IST" name="preCondition" finished-at="2026-02-18T14:14:38 IST" duration-ms="11605" status="PASS">
          <reporter-output>
          </reporter-output>
        </test-method> <!-- preCondition -->
        <test-method is-config="true" signature="preCondition()[pri:0, instance:com.leaftaps.runner.CucumberRunner@548a24a]" started-at="2026-02-18T14:14:26 IST" name="preCondition" finished-at="2026-02-18T14:14:38 IST" duration-ms="12302" status="PASS">
          <reporter-output>
          </reporter-output>
        </test-method> <!-- preCondition -->
        <test-method signature="runScenario(io.cucumber.testng.PickleWrapper,io.cucumber.testng.FeatureWrapper)[pri:0, instance:com.leaftaps.runner.CucumberRunner@548a24a]" started-at="2026-02-18T14:14:38 IST" name="runScenario" description="Runs Cucumber Scenarios" data-provider="scenarios" finished-at="2026-02-18T14:14:39 IST" duration-ms="1152" status="PASS">
          <params>
            <param index="0">
              <value>
                <![CDATA["User tries to login using the valid credentials"]]>
              </value>
            </param>
            <param index="1">
              <value>
                <![CDATA["User Authenication in Leaftaps Application"]]>
              </value>
            </param>
          </params>
          <reporter-output>
          </reporter-output>
        </test-method> <!-- runScenario -->
        <test-method signature="runScenario(io.cucumber.testng.PickleWrapper,io.cucumber.testng.FeatureWrapper)[pri:0, instance:com.leaftaps.runner.CucumberRunner@548a24a]" started-at="2026-02-18T14:14:38 IST" name="runScenario" description="Runs Cucumber Scenarios" data-provider="scenarios" finished-at="2026-02-18T14:14:39 IST" duration-ms="633" status="PASS">
          <params>
            <param index="0">
              <value>
                <![CDATA["User tries to login using the invalid credentials"]]>
              </value>
            </param>
            <param index="1">
              <value>
                <![CDATA["User Authenication in Leaftaps Application"]]>
              </value>
            </param>
          </params>
          <reporter-output>
          </reporter-output>
        </test-method> <!-- runScenario -->
        <test-method is-config="true" signature="postCondition()[pri:0, instance:com.leaftaps.runner.CucumberRunner@548a24a]" started-at="2026-02-18T14:14:39 IST" name="postCondition" finished-at="2026-02-18T14:14:39 IST" duration-ms="293" status="PASS">
          <reporter-output>
          </reporter-output>
        </test-method> <!-- postCondition -->
        <test-method is-config="true" signature="postCondition()[pri:0, instance:com.leaftaps.runner.CucumberRunner@548a24a]" started-at="2026-02-18T14:14:39 IST" name="postCondition" finished-at="2026-02-18T14:14:39 IST" duration-ms="273" status="PASS">
          <reporter-output>
          </reporter-output>
        </test-method> <!-- postCondition -->
        <test-method is-config="true" signature="tearDownClass()[pri:0, instance:com.leaftaps.runner.CucumberRunner@548a24a]" started-at="2026-02-18T14:14:39 IST" name="tearDownClass" finished-at="2026-02-18T14:14:41 IST" duration-ms="1988" status="PASS">
          <reporter-output>
          </reporter-output>
        </test-method> <!-- tearDownClass -->
      </class> <!-- com.leaftaps.runner.CucumberRunner -->
      <class name="com.leaftaps.testcases.TC001_VerifyLogin">
        <test-method is-config="true" signature="setUpClass(org.testng.ITestContext)[pri:0, instance:com.leaftaps.testcases.TC001_VerifyLogin@4082ba93]" started-at="2026-02-18T14:14:26 IST" name="setUpClass" finished-at="2026-02-18T14:14:26 IST" duration-ms="159" status="PASS">
          <params>
            <param index="0">
              <value>
                <![CDATA[org.testng.TestRunner@75c56eb9]]>
              </value>
            </param>
          </params>
          <reporter-output>
          </reporter-output>
        </test-method> <!-- setUpClass -->
        <test-method is-config="true" signature="preCondition()[pri:0, instance:com.leaftaps.testcases.TC001_VerifyLogin@4082ba93]" started-at="2026-02-18T14:14:26 IST" name="preCondition" finished-at="2026-02-18T14:14:38 IST" duration-ms="11977" status="PASS">
          <reporter-output>
          </reporter-output>
        </test-method> <!-- preCondition -->
        <test-method signature="runVerifyLogin()[pri:0, instance:com.leaftaps.testcases.TC001_VerifyLogin@4082ba93]" started-at="2026-02-18T14:14:38 IST" name="runVerifyLogin" finished-at="2026-02-18T14:14:39 IST" duration-ms="1435" status="PASS">
          <reporter-output>
          </reporter-output>
        </test-method> <!-- runVerifyLogin -->
        <test-method is-config="true" signature="postCondition()[pri:0, instance:com.leaftaps.testcases.TC001_VerifyLogin@4082ba93]" started-at="2026-02-18T14:14:39 IST" name="postCondition" finished-at="2026-02-18T14:14:40 IST" duration-ms="234" status="PASS">
          <reporter-output>
          </reporter-output>
        </test-method> <!-- postCondition -->
        <test-method is-config="true" signature="tearDownClass()[pri:0, instance:com.leaftaps.testcases.TC001_VerifyLogin@4082ba93]" started-at="2026-02-18T14:14:40 IST" name="tearDownClass" finished-at="2026-02-18T14:14:40 IST" duration-ms="0" status="PASS">
          <reporter-output>
          </reporter-output>
        </test-method> <!-- tearDownClass -->
      </class> <!-- com.leaftaps.testcases.TC001_VerifyLogin -->
      <class name="com.leaftaps.testcases.TC002_CreateLead">
        <test-method is-config="true" signature="setUpClass(org.testng.ITestContext)[pri:0, instance:com.leaftaps.testcases.TC002_CreateLead@1040be71]" started-at="2026-02-18T14:14:26 IST" name="setUpClass" finished-at="2026-02-18T14:14:26 IST" duration-ms="159" status="PASS">
          <params>
            <param index="0">
              <value>
                <![CDATA[org.testng.TestRunner@75c56eb9]]>
              </value>
            </param>
          </params>
          <reporter-output>
          </reporter-output>
        </test-method> <!-- setUpClass -->
        <test-method is-config="true" signature="preCondition()[pri:0, instance:com.leaftaps.testcases.TC002_CreateLead@1040be71]" started-at="2026-02-18T14:14:26 IST" name="preCondition" finished-at="2026-02-18T14:14:38 IST" duration-ms="11886" status="PASS">
          <reporter-output>
          </reporter-output>
        </test-method> <!-- preCondition -->
        <test-method signature="runCreateLead()[pri:0, instance:com.leaftaps.testcases.TC002_CreateLead@1040be71]" started-at="2026-02-18T14:14:38 IST" name="runCreateLead" finished-at="2026-02-18T14:14:42 IST" duration-ms="4147" status="PASS">
          <reporter-output>
          </reporter-output>
        </test-method> <!-- runCreateLead -->
        <test-method is-config="true" signature="postCondition()[pri:0, instance:com.leaftaps.testcases.TC002_CreateLead@1040be71]" started-at="2026-02-18T14:14:42 IST" name="postCondition" finished-at="2026-02-18T14:14:42 IST" duration-ms="131" status="PASS">
          <reporter-output>
          </reporter-output>
        </test-method> <!-- postCondition -->
        <test-method is-config="true" signature="tearDownClass()[pri:0, instance:com.leaftaps.testcases.TC002_CreateLead@1040be71]" started-at="2026-02-18T14:14:42 IST" name="tearDownClass" finished-at="2026-02-18T14:14:42 IST" duration-ms="1" status="PASS">
          <reporter-output>
          </reporter-output>
        </test-method> <!-- tearDownClass -->
      </class> <!-- com.leaftaps.testcases.TC002_CreateLead -->
    </test> <!-- Test -->
  </suite> <!-- Suite -->
</testng-results>
