<?xml version="1.0" encoding="UTF-8"?>
<!-- Generated by org.testng.reporters.JUnitXMLReporter -->
<testsuite ignored="0" hostname="Kowsalya" failures="0" tests="3" name="CreateLead" time="54.23" errors="0" timestamp="2026-02-18T14:43:38 IST">
  <testcase classname="com.leaftaps.testcases.TC002_CreateLead" name="runCreateLead" time="12.341"/>
  <testcase classname="com.leaftaps.testcases.TC002_CreateLead" name="runCreateLead" time="12.871"/>
  <testcase classname="com.leaftaps.testcases.TC002_CreateLead" name="runCreateLead" time="12.587"/>
</testsuite> <!-- CreateLead -->
