<?xml version="1.0" encoding="UTF-8"?>
<!-- Generated by org.testng.reporters.JUnitReportReporter -->
<testsuite hostname="Kowsalya" failures="0" tests="2" name="com.leaftaps.runner.CucumberRunner" time="26.258" errors="0" timestamp="2026-02-18T14:14:42 IST" skipped="0">
  <testcase classname="com.leaftaps.runner.CucumberRunner" name="runScenario" time="12.531"/>
  <testcase classname="com.leaftaps.runner.CucumberRunner" name="runScenario" time="13.727"/>
</testsuite> <!-- com.leaftaps.runner.CucumberRunner -->
