<?xml version="1.0" encoding="UTF-8"?>
<testng-results ignored="0" total="2" passed="2" failed="0" skipped="0">
  <reporter-output>
  </reporter-output>
  <suite started-at="2026-02-12T21:44:00 IST" name="Suite" finished-at="2026-02-12T21:44:20 IST" duration-ms="19685">
    <groups>
    </groups>
    <test started-at="2026-02-12T21:44:00 IST" name="Test" finished-at="2026-02-12T21:44:20 IST" duration-ms="19685">
      <class name="com.leaftaps.testcases.TC001_VerifyLogin">
        <test-method is-config="true" signature="preCondition()[pri:0, instance:com.leaftaps.testcases.TC001_VerifyLogin@55a147cc]" started-at="2026-02-12T21:44:00 IST" name="preCondition" finished-at="2026-02-12T21:44:06 IST" duration-ms="5669" status="PASS">
          <reporter-output>
          </reporter-output>
        </test-method> <!-- preCondition -->
        <test-method signature="runVerifyLogin()[pri:0, instance:com.leaftaps.testcases.TC001_VerifyLogin@55a147cc]" started-at="2026-02-12T21:44:06 IST" name="runVerifyLogin" finished-at="2026-02-12T21:44:06 IST" duration-ms="506" status="PASS">
          <reporter-output>
          </reporter-output>
        </test-method> <!-- runVerifyLogin -->
        <test-method is-config="true" signature="postCondition()[pri:0, instance:com.leaftaps.testcases.TC001_VerifyLogin@55a147cc]" started-at="2026-02-12T21:44:06 IST" name="postCondition" finished-at="2026-02-12T21:44:07 IST" duration-ms="130" status="PASS">
          <reporter-output>
          </reporter-output>
        </test-method> <!-- postCondition -->
      </class> <!-- com.leaftaps.testcases.TC001_VerifyLogin -->
      <class name="com.leaftaps.testcases.TC002_CreateLead">
        <test-method is-config="true" signature="preCondition()[pri:0, instance:com.leaftaps.testcases.TC002_CreateLead@75d3a5e0]" started-at="2026-02-12T21:44:07 IST" name="preCondition" finished-at="2026-02-12T21:44:12 IST" duration-ms="5307" status="PASS">
          <reporter-output>
          </reporter-output>
        </test-method> <!-- preCondition -->
        <test-method signature="runCreateLead()[pri:0, instance:com.leaftaps.testcases.TC002_CreateLead@75d3a5e0]" started-at="2026-02-12T21:44:12 IST" name="runCreateLead" finished-at="2026-02-12T21:44:20 IST" duration-ms="7892" status="PASS">
          <reporter-output>
          </reporter-output>
        </test-method> <!-- runCreateLead -->
        <test-method is-config="true" signature="postCondition()[pri:0, instance:com.leaftaps.testcases.TC002_CreateLead@75d3a5e0]" started-at="2026-02-12T21:44:20 IST" name="postCondition" finished-at="2026-02-12T21:44:20 IST" duration-ms="138" status="PASS">
          <reporter-output>
          </reporter-output>
        </test-method> <!-- postCondition -->
      </class> <!-- com.leaftaps.testcases.TC002_CreateLead -->
    </test> <!-- Test -->
  </suite> <!-- Suite -->
</testng-results>
