<?xml version="1.0" encoding="UTF-8"?>
<!-- Generated by org.testng.reporters.JUnitXMLReporter -->
<testsuite ignored="0" hostname="Kowsalya" failures="0" tests="3" name="Default test" time="56.435" errors="0" timestamp="2026-02-18T14:40:40 IST">
  <testcase classname="com.leaftaps.testcases.TC002_CreateLead" name="runCreateLead" time="12.133"/>
  <testcase classname="com.leaftaps.testcases.TC002_CreateLead" name="runCreateLead" time="13.302"/>
  <testcase classname="com.leaftaps.testcases.TC002_CreateLead" name="runCreateLead" time="12.554"/>
</testsuite> <!-- Default test -->
