<?xml version="1.0" encoding="UTF-8"?>
<!-- Generated by org.testng.reporters.JUnitReportReporter -->
<testsuite hostname="Kowsalya" failures="0" tests="3" name="com.leaftaps.testcases.TC002_CreateLead" time="53.415" errors="0" timestamp="2026-02-18T14:43:38 IST" skipped="0">
  <testcase classname="com.leaftaps.testcases.TC002_CreateLead" name="runCreateLead" time="17.484"/>
  <testcase classname="com.leaftaps.testcases.TC002_CreateLead" name="runCreateLead" time="17.974"/>
  <testcase classname="com.leaftaps.testcases.TC002_CreateLead" name="runCreateLead" time="17.957"/>
</testsuite> <!-- com.leaftaps.testcases.TC002_CreateLead -->
