<?xml version="1.0" encoding="UTF-8"?>
<testng-results ignored="0" total="2" passed="2" failed="0" skipped="0">
  <reporter-output>
  </reporter-output>
  <suite started-at="2026-02-13T15:04:32 IST" name="Default suite" finished-at="2026-02-13T15:04:48 IST" duration-ms="16264">
    <groups>
      <group name="cucumber">
        <method signature="AbstractTestNGCucumberTests.runScenario(io.cucumber.testng.PickleWrapper,io.cucumber.testng.FeatureWrapper)[pri:0, instance:runner.TC001_Login@1a75e76a]" name="runScenario" class="io.cucumber.testng.AbstractTestNGCucumberTests"/>
      </group> <!-- cucumber -->
    </groups>
    <test started-at="2026-02-13T15:04:32 IST" name="Default test" finished-at="2026-02-13T15:04:48 IST" duration-ms="16264">
      <class name="runner.TC001_Login">
        <test-method is-config="true" signature="setUpClass(org.testng.ITestContext)[pri:0, instance:runner.TC001_Login@1a75e76a]" started-at="2026-02-13T15:04:32 IST" name="setUpClass" finished-at="2026-02-13T15:04:32 IST" duration-ms="307" status="PASS">
          <params>
            <param index="0">
              <value>
                <![CDATA[org.testng.TestRunner@24d61e4]]>
              </value>
            </param>
          </params>
          <reporter-output>
          </reporter-output>
        </test-method> <!-- setUpClass -->
        <test-method is-config="true" signature="preCondition()[pri:0, instance:runner.TC001_Login@1a75e76a]" started-at="2026-02-13T15:04:32 IST" name="preCondition" finished-at="2026-02-13T15:04:40 IST" duration-ms="8373" status="PASS">
          <reporter-output>
          </reporter-output>
        </test-method> <!-- preCondition -->
        <test-method signature="runScenario(io.cucumber.testng.PickleWrapper,io.cucumber.testng.FeatureWrapper)[pri:0, instance:runner.TC001_Login@1a75e76a]" started-at="2026-02-13T15:04:40 IST" name="runScenario" description="Runs Cucumber Scenarios" data-provider="scenarios" finished-at="2026-02-13T15:04:41 IST" duration-ms="372" status="PASS">
          <params>
            <param index="0">
              <value>
                <![CDATA["User tries to login using the valid credentials"]]>
              </value>
            </param>
            <param index="1">
              <value>
                <![CDATA["User Authenication in Leaftaps Application"]]>
              </value>
            </param>
          </params>
          <reporter-output>
          </reporter-output>
        </test-method> <!-- runScenario -->
        <test-method is-config="true" signature="postCondition()[pri:0, instance:runner.TC001_Login@1a75e76a]" started-at="2026-02-13T15:04:41 IST" name="postCondition" finished-at="2026-02-13T15:04:41 IST" duration-ms="70" status="PASS">
          <reporter-output>
          </reporter-output>
        </test-method> <!-- postCondition -->
        <test-method is-config="true" signature="preCondition()[pri:0, instance:runner.TC001_Login@1a75e76a]" started-at="2026-02-13T15:04:41 IST" name="preCondition" finished-at="2026-02-13T15:04:45 IST" duration-ms="4466" status="PASS">
          <reporter-output>
          </reporter-output>
        </test-method> <!-- preCondition -->
        <test-method signature="runScenario(io.cucumber.testng.PickleWrapper,io.cucumber.testng.FeatureWrapper)[pri:0, instance:runner.TC001_Login@1a75e76a]" started-at="2026-02-13T15:04:45 IST" name="runScenario" description="Runs Cucumber Scenarios" data-provider="scenarios" finished-at="2026-02-13T15:04:45 IST" duration-ms="209" status="PASS">
          <params>
            <param index="0">
              <value>
                <![CDATA["User tries to login using the invalid credentials"]]>
              </value>
            </param>
            <param index="1">
              <value>
                <![CDATA["User Authenication in Leaftaps Application"]]>
              </value>
            </param>
          </params>
          <reporter-output>
          </reporter-output>
        </test-method> <!-- runScenario -->
        <test-method is-config="true" signature="postCondition()[pri:0, instance:runner.TC001_Login@1a75e76a]" started-at="2026-02-13T15:04:45 IST" name="postCondition" finished-at="2026-02-13T15:04:46 IST" duration-ms="139" status="PASS">
          <reporter-output>
          </reporter-output>
        </test-method> <!-- postCondition -->
        <test-method is-config="true" signature="tearDownClass()[pri:0, instance:runner.TC001_Login@1a75e76a]" started-at="2026-02-13T15:04:46 IST" name="tearDownClass" finished-at="2026-02-13T15:04:48 IST" duration-ms="2292" status="PASS">
          <reporter-output>
          </reporter-output>
        </test-method> <!-- tearDownClass -->
      </class> <!-- runner.TC001_Login -->
    </test> <!-- Default test -->
  </suite> <!-- Default suite -->
</testng-results>
